2025-01-18 18:58:51,010 - INFO - All Packers Expeditions Email Campaign Script started.
2025-01-18 18:58:51,011 - WARNING - Python-dotenv could not parse statement starting at line 8
2025-01-18 18:58:51,011 - WARNING - Python-dotenv could not parse statement starting at line 9
2025-01-18 18:58:51,011 - WARNING - Python-dotenv could not parse statement starting at line 10
2025-01-18 18:58:51,011 - WARNING - Python-dotenv could not parse statement starting at line 11
2025-01-18 18:58:51,011 - WARNING - Python-dotenv could not parse statement starting at line 12
2025-01-18 18:58:51,011 - WARNING - Python-dotenv could not parse statement starting at line 13
2025-01-18 18:58:51,011 - WARNING - Python-dotenv could not parse statement starting at line 16
2025-01-18 18:58:51,011 - WARNING - Python-dotenv could not parse statement starting at line 17
2025-01-18 18:58:51,011 - WARNING - Python-dotenv could not parse statement starting at line 18
2025-01-18 18:58:51,011 - WARNING - Python-dotenv could not parse statement starting at line 19
2025-01-18 18:58:51,011 - WARNING - Python-dotenv could not parse statement starting at line 20
2025-01-18 18:58:51,011 - WARNING - Python-dotenv could not parse statement starting at line 21
2025-01-18 18:58:51,011 - ERROR - Recipients JSON file not found at: /Users/mrperez/Documents/allpackersexpeditionsNotification/recipients.json
2025-01-18 18:58:51,011 - INFO - Loaded recipients: []
2025-01-18 18:58:51,011 - WARNING - No recipients found to send emails.
2025-01-18 18:58:51,904 - INFO - Log email sent successfully to admin.
2025-01-18 18:58:51,905 - INFO - Script execution completed. Successful: 0, Failed: 0
2025-01-18 19:02:57,074 - INFO - All Packers Expeditions Email Campaign Script started.
2025-01-18 19:02:57,074 - WARNING - Python-dotenv could not parse statement starting at line 8
2025-01-18 19:02:57,075 - WARNING - Python-dotenv could not parse statement starting at line 9
2025-01-18 19:02:57,075 - WARNING - Python-dotenv could not parse statement starting at line 10
2025-01-18 19:02:57,075 - WARNING - Python-dotenv could not parse statement starting at line 11
2025-01-18 19:02:57,075 - WARNING - Python-dotenv could not parse statement starting at line 12
2025-01-18 19:02:57,075 - WARNING - Python-dotenv could not parse statement starting at line 13
2025-01-18 19:02:57,075 - WARNING - Python-dotenv could not parse statement starting at line 16
2025-01-18 19:02:57,075 - WARNING - Python-dotenv could not parse statement starting at line 17
2025-01-18 19:02:57,075 - WARNING - Python-dotenv could not parse statement starting at line 18
2025-01-18 19:02:57,075 - WARNING - Python-dotenv could not parse statement starting at line 19
2025-01-18 19:02:57,075 - WARNING - Python-dotenv could not parse statement starting at line 20
2025-01-18 19:02:57,075 - WARNING - Python-dotenv could not parse statement starting at line 21
2025-01-18 19:02:57,075 - ERROR - Recipients JSON file not found at: /Users/mrperez/Documents/allpackersexpeditionsNotification/recipients.json
2025-01-18 19:02:57,075 - INFO - Loaded recipients: []
2025-01-18 19:02:57,076 - WARNING - No recipients found to send emails.
2025-01-18 19:02:57,987 - INFO - Log email sent successfully to admin.
2025-01-18 19:02:57,988 - INFO - Script execution completed. Successful: 0, Failed: 0
2025-01-18 19:03:52,485 - INFO - All Packers Expeditions Email Campaign Script started.
2025-01-18 19:03:52,485 - WARNING - Python-dotenv could not parse statement starting at line 9
2025-01-18 19:03:52,486 - ERROR - Recipients JSON file not found at: /Users/mrperez/Documents/allpackersexpeditionsNotification/recipients.json
2025-01-18 19:03:52,486 - INFO - Loaded recipients: []
2025-01-18 19:03:52,486 - WARNING - No recipients found to send emails.
2025-01-18 19:03:52,849 - ERROR - SMTP error when sending log email: (535, b'5.7.8 Username and Password not accepted. For more information, go to\n5.7.8  https://support.google.com/mail/?p=BadCredentials 6a1803df08f44-6e1afc0f877sm25928236d6.31 - gsmtp')
2025-01-18 19:03:52,850 - INFO - Script execution completed. Successful: 0, Failed: 0
2025-01-18 19:04:43,685 - INFO - All Packers Expeditions Email Campaign Script started.
2025-01-18 19:04:43,686 - WARNING - Python-dotenv could not parse statement starting at line 11
2025-01-18 19:04:43,686 - ERROR - Recipients JSON file not found at: /Users/mrperez/Documents/allpackersexpeditionsNotification/recipients.json
2025-01-18 19:04:43,686 - INFO - Loaded recipients: []
2025-01-18 19:04:43,686 - WARNING - No recipients found to send emails.
2025-01-18 19:04:44,691 - INFO - Log email sent successfully to admin.
2025-01-18 19:04:44,691 - INFO - Script execution completed. Successful: 0, Failed: 0
2025-01-18 19:05:17,802 - INFO - All Packers Expeditions Email Campaign Script started.
2025-01-18 19:05:17,803 - WARNING - Python-dotenv could not parse statement starting at line 11
2025-01-18 19:05:17,803 - ERROR - Recipients JSON file not found at: /Users/mrperez/Documents/allpackersexpeditionsNotification/recipients.json
2025-01-18 19:05:17,803 - INFO - Loaded recipients: []
2025-01-18 19:05:17,803 - WARNING - No recipients found to send emails.
2025-01-18 19:05:19,139 - INFO - Log email sent successfully to admin.
2025-01-18 19:05:19,140 - INFO - Script execution completed. Successful: 0, Failed: 0
2025-01-18 19:06:00,093 - INFO - All Packers Expeditions Email Campaign Script started.
2025-01-18 19:06:00,094 - WARNING - Python-dotenv could not parse statement starting at line 11
2025-01-18 19:06:00,094 - ERROR - Recipients JSON file not found at: /Users/mrperez/Documents/allpackersexpeditionsNotification/recipients.json
2025-01-18 19:06:00,094 - INFO - Loaded recipients: []
2025-01-18 19:06:00,094 - WARNING - No recipients found to send emails.
2025-01-18 19:06:01,448 - INFO - Log email sent successfully to admin.
2025-01-18 19:06:01,449 - INFO - Script execution completed. Successful: 0, Failed: 0
2025-01-18 19:07:04,025 - INFO - All Packers Expeditions Email Campaign Script started.
2025-01-18 19:07:04,026 - WARNING - Python-dotenv could not parse statement starting at line 11
2025-01-18 19:07:04,026 - ERROR - Recipients JSON file not found at: /Users/mrperez/Documents/allpackersexpeditionsNotification/recipients.json
2025-01-18 19:07:04,026 - INFO - Loaded recipients: []
2025-01-18 19:07:04,026 - WARNING - No recipients found to send emails.
2025-01-18 19:07:04,960 - INFO - Log email sent successfully to admin.
2025-01-18 19:07:04,960 - INFO - Script execution completed. Successful: 0, Failed: 0
2025-01-18 19:08:48,969 - INFO - All Packers Expeditions Email Campaign Script started.
2025-01-18 19:08:48,970 - WARNING - Python-dotenv could not parse statement starting at line 11
2025-01-18 19:08:48,970 - INFO - Loaded recipients: [{'email': 'iperezmba@gmail.com', 'name': 'John', 'trip_name': 'Machu Picchu Trek', 'trip_date': '2025-05-10', 'trip_cost': 1500.0, 'trip_description': 'An amazing 5-day hike through the Inca trail!'}, {'email': 'iperezmba@gmail.com', 'name': 'Jane', 'trip_name': 'Rainbow Mountain Adventure', 'trip_date': '2025-06-15', 'trip_cost': 1200.0, 'trip_description': "Witness the vibrant colors of Peru's Rainbow Mountain."}]
2025-01-18 19:08:50,209 - INFO - Promotional email sent successfully to John (iperezmba@gmail.com).
2025-01-18 19:08:51,098 - INFO - Promotional email sent successfully to Jane (iperezmba@gmail.com).
2025-01-18 19:08:52,144 - INFO - Log email sent successfully to admin.
2025-01-18 19:08:52,145 - INFO - Script execution completed. Successful: 2, Failed: 0
2025-01-18 19:18:45,029 - INFO - All Packers Expeditions Email Campaign Script started.
2025-01-18 19:18:45,030 - INFO - Loaded recipients: [{'email': 'iperezmba@gmail.com', 'name': 'John', 'trip_name': 'Machu Picchu Trek', 'trip_date': '2025-05-10', 'trip_cost': 1500.0, 'trip_description': 'An amazing 5-day hike through the Inca trail!'}, {'email': 'iep4@njit.edu', 'name': 'Jane', 'trip_name': 'Rainbow Mountain Adventure', 'trip_date': '2025-06-15', 'trip_cost': 1200.0, 'trip_description': "Witness the vibrant colors of Peru's Rainbow Mountain."}]
2025-01-18 19:18:46,105 - INFO - Promotional email sent successfully to John (iperezmba@gmail.com).
2025-01-18 19:18:47,064 - INFO - Promotional email sent successfully to Jane (iep4@njit.edu).
2025-01-18 19:18:48,029 - INFO - Log email sent successfully to admin.
2025-01-18 19:18:48,031 - INFO - Script execution completed. Successful: 2, Failed: 0
2025-01-18 19:25:39,425 - INFO - All Packers Expeditions Email Campaign Script started.
2025-01-18 19:25:48,219 - INFO - All Packers Expeditions Email Campaign Script started.
2025-01-18 19:27:07,545 - INFO - All Packers Expeditions Email Campaign Script started.
2025-01-18 19:27:07,546 - INFO - Loaded recipients: [{'email': 'iperezmba@gmail.com', 'name': 'John', 'trip_name': 'Machu Picchu Trek', 'trip_date': '2025-05-10', 'trip_cost': 1500.0, 'trip_description': 'An amazing 5-day hike through the Inca trail!'}, {'email': 'iep4@njit.edu', 'name': 'Jane', 'trip_name': 'Rainbow Mountain Adventure', 'trip_date': '2025-06-15', 'trip_cost': 1200.0, 'trip_description': "Witness the vibrant colors of Peru's Rainbow Mountain."}]
2025-01-18 19:27:08,587 - INFO - Promotional email sent successfully to John (iperezmba@gmail.com).
2025-01-18 19:27:09,457 - INFO - Promotional email sent successfully to Jane (iep4@njit.edu).
2025-01-18 19:27:10,354 - INFO - Log email sent successfully to admin.
2025-01-18 19:27:10,355 - INFO - Script execution completed. Successful: 2, Failed: 0
